<?xml version="1.0" encoding="UTF-8"?>
<Site BuildName="(empty)"
	BuildStamp="20240622-0311-Experimental"
	Name="laptop"
	Generator="ctest-3.25.1"
	CompilerName="/usr/bin/c++"
	CompilerVersion="11.4.0"
	OSName="Linux"
	Hostname="laptop"
	OSRelease="5.15.0-107-generic"
	OSVersion="#117~20.04.1-Ubuntu SMP Tue Apr 30 10:35:57 UTC 2024"
	OSPlatform="x86_64"
	Is64Bits="1"
	VendorString="GenuineIntel"
	VendorID="Intel Corporation"
	FamilyID="6"
	ModelID="154"
	ProcessorCacheSize="12288"
	NumberOfLogicalCPU="12"
	NumberOfPhysicalCPU="10"
	TotalVirtualMemory="2047"
	TotalPhysicalMemory="7661"
	LogicalProcessorsPerPhysical="1"
	ProcessorClockFrequency="400"
	>
	<Testing>
		<StartDateTime>Jun 22 15:19 +07</StartDateTime>
		<StartTestTime>1719044382</StartTestTime>
		<TestList/>
		<EndDateTime>Jun 22 15:19 +07</EndDateTime>
		<EndTestTime>1719044382</EndTestTime>
		<ElapsedMinutes>0</ElapsedMinutes>
	</Testing>
</Site>
